<?xml version="1.0" encoding="UTF-8"?>
<!-- Generated by org.testng.reporters.JUnitReportReporter -->
<testsuite hostname="PHILIP-HP" failures="0" tests="2" name="org.example.TemaTests" time="0.007" errors="0" timestamp="2023-04-05T14:16:51 EEST" skipped="0">
  <testcase classname="org.example.TemaTests" name="ValidTema" time="0.002"/>
  <system-out/>
  <testcase classname="org.example.TemaTests" name="InvalidTemaDeadline" time="0.005"/>
  <system-out/>
</testsuite> <!-- org.example.TemaTests -->
