<?xml version="1.0" encoding="UTF-8"?>
<!-- Generated by org.testng.reporters.JUnitReportReporter -->
<testsuite hostname="PHILIP-HP" failures="0" tests="8" name="org.example.StudentTests" time="0.096" errors="0" timestamp="2023-04-05T14:16:51 EEST" skipped="0">
  <testcase classname="org.example.StudentTests" name="ValidGroupTest" time="0.081"/>
  <system-out/>
  <testcase classname="org.example.StudentTests" name="InValidNameTest" time="0.001"/>
  <system-out/>
  <testcase classname="org.example.StudentTests" name="ValidNameTest" time="0.003"/>
  <system-out/>
  <testcase classname="org.example.StudentTests" name="InValidGroupTestWithinParams" time="0.000"/>
  <system-out/>
  <testcase classname="org.example.StudentTests" name="ValidIdTest" time="0.003"/>
  <system-out/>
  <testcase classname="org.example.StudentTests" name="InValidGroupTestWithinParams2" time="0.000"/>
  <system-out/>
  <testcase classname="org.example.StudentTests" name="InValidIdTest" time="0.000"/>
  <system-out/>
  <testcase classname="org.example.StudentTests" name="InValidGroupTestNatural" time="0.008"/>
  <system-out/>
</testsuite> <!-- org.example.StudentTests -->
