<?xml version="1.0" encoding="UTF-8"?>
<!-- Generated by org.testng.reporters.JUnitReportReporter -->
<testsuite hostname="PHILIP-HP" failures="0" tests="1" name="org.example.AppTest" time="0.005" errors="0" timestamp="2023-04-05T14:16:51 EEST" skipped="0">
  <testcase classname="org.example.AppTest" name="testApp" time="0.005"/>
  <system-out/>
</testsuite> <!-- org.example.AppTest -->
